Log file open, 05/22/18 12:04:47
LogWindows: Failed to load 'aqProf.dll' (GetLastError=126)
LogWindows: File 'aqProf.dll' does not exist
LogWindows: Failed to load 'VtuneApi.dll' (GetLastError=126)
LogWindows: File 'VtuneApi.dll' does not exist
LogWindows: Failed to load 'VtuneApi32e.dll' (GetLastError=126)
LogWindows: File 'VtuneApi32e.dll' does not exist
LogInit: Display: Running engine for game: sadhatproj
LogPlatformFile: Not using cached read wrapper
LogInit: Display: RandInit(-1248840452) SRandInit(-1248840452).
LogTaskGraph: Started task graph with 5 named threads and 14 total threads with 3 sets of task threads.
LogStats: Stats thread started at 1.204940
LogD3D11RHI: Aftermath initialized
LogPluginManager: Mounting plugin Paper2D
LogPluginManager: Mounting plugin LightPropagationVolume
LogPluginManager: Mounting plugin CodeLiteSourceCodeAccess
LogPluginManager: Mounting plugin GitSourceControl
LogPluginManager: Mounting plugin KDevelopSourceCodeAccess
LogPluginManager: Mounting plugin NullSourceCodeAccess
LogPluginManager: Mounting plugin PerforceSourceControl
LogPluginManager: Mounting plugin SubversionSourceControl
LogPluginManager: Mounting plugin UObjectPlugin
LogPluginManager: Mounting plugin VisualStudioSourceCodeAccess
LogPluginManager: Mounting plugin XCodeSourceCodeAccess
LogPluginManager: Mounting plugin AssetManagerEditor
LogPluginManager: Mounting plugin AudioCapture
LogPluginManager: Mounting plugin FacialAnimation
LogPluginManager: Mounting plugin GameplayTagsEditor
LogPluginManager: Mounting plugin MobileLauncherProfileWizard
LogPluginManager: Mounting plugin PluginBrowser
LogPluginManager: Mounting plugin SpeedTreeImporter
LogPluginManager: Mounting plugin AlembicImporter
LogPluginManager: Mounting plugin CharacterAI
LogPluginManager: Mounting plugin HTML5Networking
LogPluginManager: Mounting plugin AndroidMedia
LogPluginManager: Mounting plugin AvfMedia
LogPluginManager: Mounting plugin MediaPlayerEditor
LogPluginManager: Mounting plugin WmfMedia
LogPluginManager: Mounting plugin TcpMessaging
LogPluginManager: Mounting plugin UdpMessaging
LogPluginManager: Mounting plugin LevelSequenceEditor
LogPluginManager: Mounting plugin MatineeToLevelSequence
LogPluginManager: Mounting plugin OnlineSubsystemGooglePlay
LogPluginManager: Mounting plugin OnlineSubsystemIOS
LogPluginManager: Mounting plugin OnlineSubsystem
LogPluginManager: Mounting plugin OnlineSubsystemNull
LogPluginManager: Mounting plugin OnlineSubsystemUtils
LogPluginManager: Mounting plugin AndroidDeviceProfileSelector
LogPluginManager: Mounting plugin AndroidMoviePlayer
LogPluginManager: Mounting plugin AndroidPermission
LogPluginManager: Mounting plugin AppleMoviePlayer
LogPluginManager: Mounting plugin ArchVisCharacter
LogPluginManager: Mounting plugin CableComponent
LogPluginManager: Mounting plugin CustomMeshComponent
LogPluginManager: Mounting plugin ExampleDeviceProfileSelector
LogPluginManager: Mounting plugin GoogleCloudMessaging
LogPluginManager: Mounting plugin ImmediatePhysics
LogPluginManager: Mounting plugin IOSDeviceProfileSelector
LogPluginManager: Mounting plugin LinuxDeviceProfileSelector
LogPluginManager: Mounting plugin LocationServicesBPLibrary
LogPluginManager: Mounting plugin MobilePatchingUtils
LogPluginManager: Mounting plugin OculusVR
LogPluginManager: Mounting plugin PhysXVehicles
LogPluginManager: Mounting plugin ProceduralMeshComponent
LogPluginManager: Mounting plugin RuntimePhysXCooking
LogPluginManager: Mounting plugin SteamVR
LogPluginManager: Mounting plugin WindowsMoviePlayer
LogInit: Using libcurl 7.47.1
LogInit:  - built for x86_64-pc-win32
LogInit:  - supports SSL with OpenSSL/1.0.2g
LogInit:  - supports HTTP deflate (compression) using libz 1.2.8
LogInit:  - other features:
LogInit:      CURL_VERSION_SSL
LogInit:      CURL_VERSION_LIBZ
LogInit:      CURL_VERSION_IPV6
LogInit:      CURL_VERSION_ASYNCHDNS
LogInit:      CURL_VERSION_LARGEFILE
LogInit:      CURL_VERSION_IDN
LogInit:  CurlRequestOptions (configurable via config and command line):
LogInit:  - bVerifyPeer = false  - Libcurl will NOT verify peer certificate
LogInit:  - bUseHttpProxy = false  - Libcurl will NOT use HTTP proxy
LogInit:  - bDontReuseConnections = false  - Libcurl will reuse connections
LogInit:  - CertBundlePath = nullptr  - Libcurl will use whatever was configured at build time.
LogInit: Build: ++UE4+Release-4.17-CL-3658906
LogInit: Engine Version: 4.17.2-3658906+++UE4+Release-4.17
LogInit: Compatible Engine Version: 4.17.0-3573198+++UE4+Release-4.17
LogInit: Net CL: 3573198
LogDevObjectVersion: Number of dev versions registered: 16
LogDevObjectVersion:   Dev-Blueprints (B0D832E4-1F89-4F0D-ACCF-7EB736FD4AA2): 10
LogDevObjectVersion:   Dev-Build (E1C64328-A22C-4D53-A36C-8E866417BD8C): 0
LogDevObjectVersion:   Dev-Core (375EC13C-06E4-48FB-B500-84F0262A717E): 2
LogDevObjectVersion:   Dev-Editor (E4B068ED-F494-42E9-A231-DA0B2E46BB41): 20
LogDevObjectVersion:   Dev-Framework (CFFC743F-43B0-4480-9391-14DF171D2073): 28
LogDevObjectVersion:   Dev-Mobile (B02B49B5-BB20-44E9-A304-32B752E40360): 0
LogDevObjectVersion:   Dev-Networking (A4E4105C-59A1-49B5-A7C5-40C4547EDFEE): 0
LogDevObjectVersion:   Dev-Online (39C831C9-5AE6-47DC-9A44-9C173E1C8E7C): 0
LogDevObjectVersion:   Dev-Physics (78F01B33-EBEA-4F98-B9B4-84EACCB95AA2): 0
LogDevObjectVersion:   Dev-Platform (6631380F-2D4D-43E0-8009-CF276956A95A): 0
LogDevObjectVersion:   Dev-Rendering (12F88B9F-8875-4AFC-A67C-D90C383ABD29): 19
LogDevObjectVersion:   Dev-Sequencer (7B5AE74C-D270-4C10-A958-57980B212A5A): 4
LogDevObjectVersion:   Dev-VR (D7296918-1DD6-4BDD-9DE2-64A83CC13884): 0
LogDevObjectVersion:   Dev-LoadTimes (C2A15278-BFE7-4AFE-6C17-90FF531DF755): 1
LogDevObjectVersion:   Private-Geometry (6EACA3D4-40EC-4CC1-B786-8BED09428FC5): 1
LogDevObjectVersion:   Dev-AnimPhys (29E575DD-E0A3-4627-9D10-D276232CDCEA): 7
LogInit: Compiled (64-bit): Sep 22 2017 13:47:16
LogInit: Compiled with Visual C++: 19.00.24215.01
LogInit: Build Configuration: Development
LogInit: Branch Name: ++UE4+Release-4.17
LogInit: Command line:  
LogInit: Base directory: C:/Program Files/Epic Games/UE_4.17/Engine/Binaries/Win64/
LogInit: Installed Engine Build: 1
LogInit: Presizing for max 8388607 objects, including 0 objects not considered by GC, pre-allocating 0 bytes for permanent pool.
LogInit: Object subsystem initialized
[2018.05.22-11.04.50:751][  0]LogInit: Selected Device Profile: [Windows]
[2018.05.22-11.04.50:751][  0]LogInit: Applying CVar settings loaded from the selected device profile: [Windows]
[2018.05.22-11.04.50:900][  0]LogInit: Computer: CHARLIE-SAN
[2018.05.22-11.04.50:900][  0]LogInit: User: Charlie
[2018.05.22-11.04.50:900][  0]LogInit: CPU Page size=4096, Cores=4
[2018.05.22-11.04.50:900][  0]LogInit: High frequency timer resolution =3.020483 MHz
[2018.05.22-11.04.50:900][  0]LogMemory: Memory total: Physical=8.0GB (8GB approx)
[2018.05.22-11.04.50:907][  0]LogMemory: Platform Memory Stats for Windows
[2018.05.22-11.04.50:908][  0]LogMemory: Process Physical Memory: 279.16 MB used, 279.16 MB peak
[2018.05.22-11.04.50:908][  0]LogMemory: Process Virtual Memory: 282.17 MB used, 282.17 MB peak
[2018.05.22-11.04.50:908][  0]LogMemory: Physical Memory: 5662.23 MB used,  2485.14 MB free, 8147.37 MB total
[2018.05.22-11.04.50:908][  0]LogMemory: Virtual Memory: 714.38 MB used,  2485.14 MB free, 134217728.00 MB total
[2018.05.22-11.04.52:129][  0]LogInit: Using OS detected language (en-GB).
[2018.05.22-11.04.52:129][  0]LogInit: Using OS detected locale (en-GB).
[2018.05.22-11.04.52:947][  0]LogTextLocalizationManager: No specific localization for 'en-GB' exists, so the 'en' localization will be used.
[2018.05.22-11.04.57:857][  0]LogD3D11RHI: D3D11 adapters:
[2018.05.22-11.04.58:140][  0]LogD3D11RHI:    0. 'NVIDIA GeForce GTX 970' (Feature Level 11_0)
[2018.05.22-11.04.58:140][  0]LogD3D11RHI:       4043/0/4073 MB DedicatedVideo/DedicatedSystem/SharedSystem, Outputs:2, VendorId:0x10de
[2018.05.22-11.04.58:145][  0]LogD3D11RHI:    1. 'Microsoft Basic Render Driver' (Feature Level 11_0)
[2018.05.22-11.04.58:145][  0]LogD3D11RHI:       0/0/4073 MB DedicatedVideo/DedicatedSystem/SharedSystem, Outputs:0, VendorId:0x1414
[2018.05.22-11.04.58:145][  0]LogD3D11RHI: Chosen D3D11 Adapter: 0
[2018.05.22-11.04.58:156][  0]LogD3D11RHI: Creating new Direct3DDevice
[2018.05.22-11.04.58:157][  0]LogD3D11RHI:     GPU DeviceId: 0x13c2 (for the marketing name, search the web for "GPU Device Id")
[2018.05.22-11.04.58:157][  0]LogWindows: EnumDisplayDevices:
[2018.05.22-11.04.58:157][  0]LogWindows:    0. 'NVIDIA GeForce GTX 970' (P:1 D:1)
[2018.05.22-11.04.58:157][  0]LogWindows:    1. 'NVIDIA GeForce GTX 970' (P:0 D:1)
[2018.05.22-11.04.58:158][  0]LogWindows:    2. 'NVIDIA GeForce GTX 970' (P:0 D:0)
[2018.05.22-11.04.58:158][  0]LogWindows:    3. 'NVIDIA GeForce GTX 970' (P:0 D:0)
[2018.05.22-11.04.58:158][  0]LogWindows:    4. 'LMIMIRR' (P:0 D:0)
[2018.05.22-11.04.58:158][  0]LogWindows: DebugString: GetVideoDriverDetailsInvalid PrimaryIsNotTheChoosenAdapter GetVideoDriverDetailsInvalid PrimaryIsNotTheChoosenAdapter GetVideoDriverDetailsInvalid PrimaryIsNotTheChoosenAdapter GetVideoDriverDetailsInvalid PrimaryIsNotTheChoosenAdapter GetVideoDriverDetailsInvalid PrimaryIsNotTheChoosenAdapter FoundDriverCount:0 
[2018.05.22-11.04.58:158][  0]LogD3D11RHI:     Adapter Name: NVIDIA GeForce GTX 970
[2018.05.22-11.04.58:158][  0]LogD3D11RHI:   Driver Version: Unknown (internal:Unknown, unified:Unknown)
[2018.05.22-11.04.58:158][  0]LogD3D11RHI:      Driver Date: Unknown
[2018.05.22-11.04.58:158][  0]LogRHI: Texture pool is 1361 MB (70% of 1945 MB)
[2018.05.22-11.04.58:253][  0]LogD3D11RHI: Async texture creation enabled
[2018.05.22-11.04.58:671][  0]LogD3D11RHI: GPU Timing Frequency: 1000.000000 (Debug: 2 2)
[2018.05.22-11.04.58:814][  0]LogShaderCompilers: Guid format shader working directory is -22 characters bigger than the processId version (../../../../../../Users/Charlie.CHARLIE-SAN/Documents/GitHub/sadhatgame/sadhatproj/Intermediate/Shaders/WorkingDirectory/8644/).
[2018.05.22-11.04.58:814][  0]LogShaderCompilers: Cleaned the shader compiler working directory 'C:/Users/Charlie.CHARLIE-SAN/AppData/Local/Temp/UnrealShaderWorkingDir/20E3658D4F2AE0AC9F556092D3FC67EF/'.
[2018.05.22-11.04.58:819][  0]LogShaderCompilers: Display: Using Local Shader Compiler.
[2018.05.22-11.05.03:758][  0]LogTemp: Display: Loaded TP AllDesktopTargetPlatform
[2018.05.22-11.05.03:866][  0]LogTemp: Display: Loaded TP MacClientTargetPlatform
[2018.05.22-11.05.03:984][  0]LogTemp: Display: Loaded TP MacNoEditorTargetPlatform
[2018.05.22-11.05.04:100][  0]LogTemp: Display: Loaded TP MacServerTargetPlatform
[2018.05.22-11.05.04:308][  0]LogTemp: Display: Loaded TP MacTargetPlatform
[2018.05.22-11.05.04:461][  0]LogTemp: Display: Loaded TP WindowsClientTargetPlatform
[2018.05.22-11.05.04:607][  0]LogTemp: Display: Loaded TP WindowsNoEditorTargetPlatform
[2018.05.22-11.05.04:732][  0]LogTemp: Display: Loaded TP WindowsServerTargetPlatform
[2018.05.22-11.05.04:909][  0]LogTemp: Display: Loaded TP WindowsTargetPlatform
[2018.05.22-11.05.05:088][  0]LogTemp: Display: Loaded TP AndroidTargetPlatform
[2018.05.22-11.05.05:246][  0]LogTemp: Display: Loaded TP Android_ASTCTargetPlatform
[2018.05.22-11.05.05:355][  0]LogTemp: Display: Loaded TP Android_ATCTargetPlatform
[2018.05.22-11.05.05:527][  0]LogTemp: Display: Loaded TP Android_DXTTargetPlatform
[2018.05.22-11.05.05:715][  0]LogTemp: Display: Loaded TP Android_ETC1TargetPlatform
[2018.05.22-11.05.05:887][  0]LogTemp: Display: Loaded TP Android_ETC2TargetPlatform
[2018.05.22-11.05.06:142][  0]LogTemp: Display: Loaded TP Android_MultiTargetPlatform
[2018.05.22-11.05.06:142][  0]LogTemp: Display: Loaded TP Android_PVRTCTargetPlatform
[2018.05.22-11.05.06:341][  0]LogTemp: Display: Loaded TP HTML5TargetPlatform
[2018.05.22-11.05.06:603][  0]LogTemp: Display: Loaded TP IOSTargetPlatform
[2018.05.22-11.05.06:704][  0]LogTemp: Display: Loaded TP TVOSTargetPlatform
[2018.05.22-11.05.06:853][  0]LogTemp: Display: Loaded TP LinuxClientTargetPlatform
[2018.05.22-11.05.06:971][  0]LogTemp: Display: Loaded TP LinuxNoEditorTargetPlatform
[2018.05.22-11.05.07:093][  0]LogTemp: Display: Loaded TP LinuxServerTargetPlatform
[2018.05.22-11.05.07:321][  0]LogTemp: Display: Loaded TP LinuxTargetPlatform
[2018.05.22-11.05.07:321][  0]LogTargetPlatformManager: Display: Building Assets For Windows
[2018.05.22-11.05.10:029][  0]LogDerivedDataCache: Display: Max Cache Size: 512 MB
[2018.05.22-11.05.10:897][  0]LogDerivedDataCache: Loaded boot cache 0.85s 93MB C:/Users/Charlie.CHARLIE-SAN/AppData/Local/UnrealEngine/4.17/DerivedDataCache/Boot.ddc.
[2018.05.22-11.05.10:897][  0]LogDerivedDataCache: Display: Loaded Boot cache: C:/Users/Charlie.CHARLIE-SAN/AppData/Local/UnrealEngine/4.17/DerivedDataCache/Boot.ddc
[2018.05.22-11.05.10:897][  0]LogDerivedDataCache: FDerivedDataBackendGraph:  Pak pak cache file ../../../../../../Users/Charlie.CHARLIE-SAN/Documents/GitHub/sadhatgame/sadhatproj/DerivedDataCache/DDC.ddp not found, will not use a pak cache.
[2018.05.22-11.05.10:897][  0]LogDerivedDataCache: Unable to find inner node Pak for hierarchical cache Hierarchy.
[2018.05.22-11.05.10:897][  0]LogDerivedDataCache: FDerivedDataBackendGraph:  CompressedPak pak cache file ../../../../../../Users/Charlie.CHARLIE-SAN/Documents/GitHub/sadhatgame/sadhatproj/DerivedDataCache/Compressed.ddp not found, will not use a pak cache.
[2018.05.22-11.05.10:897][  0]LogDerivedDataCache: Unable to find inner node CompressedPak for hierarchical cache Hierarchy.
[2018.05.22-11.05.10:980][  0]LogDerivedDataCache: Display: Pak cache opened for reading ../../../Engine/DerivedDataCache/Compressed.ddp.
[2018.05.22-11.05.10:993][  0]LogDerivedDataCache: Using Local data cache path C:/Users/Charlie.CHARLIE-SAN/AppData/Local/UnrealEngine/Common/DerivedDataCache: Writable
[2018.05.22-11.05.11:071][  0]LogMaterial: Verifying Global Shaders for PCD3D_SM5
[2018.05.22-11.05.11:146][  0]LogSlate: Using Freetype 2.6.0
[2018.05.22-11.05.11:253][  0]LogSlate: SlateFontCache - WITH_FREETYPE: 1, WITH_HARFBUZZ: 1
[2018.05.22-11.05.11:266][  0]LogSlate: SlateFontCache - WITH_FREETYPE: 1, WITH_HARFBUZZ: 1
[2018.05.22-11.05.19:555][  0]LogAssetRegistry: FAssetRegistry took 0.0473 seconds to start up
[2018.05.22-11.05.21:634][  0]LogInit: Selected Device Profile: [Windows]
[2018.05.22-11.05.27:528][  0]LogContentStreaming: Texture pool size is 0.00 MB
[2018.05.22-11.05.31:580][  0]LogSimplygon: Simplygon DLL not present - disabling.
[2018.05.22-11.05.31:725][  0]LogMeshReduction: Using SimplygonSwarm for distributed automatic mesh merging
[2018.05.22-11.05.31:726][  0]LogMeshReduction: Using QuadricMeshReduction for automatic static mesh reduction
[2018.05.22-11.05.31:726][  0]LogMeshReduction: No automatic skeletal mesh reduction module available
[2018.05.22-11.05.31:727][  0]LogMeshReduction: No automatic mesh merging module available
[2018.05.22-11.05.31:727][  0]LogMeshMerging: No automatic mesh merging module available
[2018.05.22-11.05.35:714][  0]LogNetVersion: sadhatproj , NetCL: 3573198, EngineNetVer: 2, GameNetVer: 0 (Checksum: 3242127025)
[2018.05.22-11.05.38:226][  0]LogPackageLocalizationCache: Processed 5 localized package path(s) for 2 prioritized culture(s) in 0.213554 seconds
[2018.05.22-11.05.38:269][  0]LogUObjectArray: 35825 objects as part of root set at end of initial load.
[2018.05.22-11.05.38:269][  0]LogUObjectAllocator: 7529104 out of 0 bytes used by permanent object pool.
[2018.05.22-11.05.38:289][  0]LogUObjectArray: CloseDisregardForGC: 0/0 objects in disregard for GC pool
[2018.05.22-11.05.38:479][  0]LogInit: WinSock: version 1.1 (2.2), MaxSocks=32767, MaxUdp=65467
[2018.05.22-11.06.10:053][  0]LogTcpMessaging: Initializing TcpMessaging bridge
[2018.05.22-11.06.10:146][  0]LogUdpMessaging: Initializing bridge on interface 0.0.0.0:0 to multicast group 230.0.0.1:6666.
[2018.05.22-11.06.13:334][  0]LogMaterial: Uniform references updated for custom material expression Custom.
[2018.05.22-11.06.15:232][  0]SourceControl: Source control is disabled
[2018.05.22-11.06.15:233][  0]SourceControl: Source control is disabled
[2018.05.22-11.06.15:443][  0]SourceControl: Source control is disabled
[2018.05.22-11.06.15:590][  0]SourceControl: Source control is disabled
[2018.05.22-11.06.18:104][  0]LogAndroidPermission: UAndroidPermissionCallbackProxy::GetInstance
[2018.05.22-11.06.18:854][  0]LogOcInput: OculusInput pre-init called
[2018.05.22-11.06.20:326][  0]LogEngine: Initializing Engine...
[2018.05.22-11.06.20:987][  0]LogHMD: Failed to initialize OpenVR with code 108
[2018.05.22-11.06.22:440][  0]LogStats: UGameplayTagsManager::ConstructGameplayTagTree: Construct from data asset -  0.000 s
[2018.05.22-11.06.22:446][  0]LogStats: UGameplayTagsManager::ConstructGameplayTagTree: GameplayTagTreeChangedEvent.Broadcast -  0.005 s
[2018.05.22-11.06.23:317][  0]LogAIModule: Creating AISystem for world Untitled
[2018.05.22-11.06.23:668][  0]LogInit: XAudio2 using 'T24D390 (NVIDIA High Definition Audio)' : 2 channels at 48 kHz using 16 bits per sample (channel mask 0x3)
[2018.05.22-11.06.23:740][  0]LogInit: FAudioDevice initialized.
[2018.05.22-11.06.23:913][  0]LogDerivedDataCache: Saved boot cache 0.15s 93MB C:/Users/Charlie.CHARLIE-SAN/AppData/Local/UnrealEngine/4.17/DerivedDataCache/Boot.ddc.
[2018.05.22-11.06.23:920][  0]LogInit: Texture streaming: Enabled
[2018.05.22-11.06.24:830][  0]LogEngineSessionManager: EngineSessionManager initialized
[2018.05.22-11.06.25:784][  0]LogInit: Transaction tracking system initialized
[2018.05.22-11.06.27:101][  0]BlueprintLog: New page: Editor Load
[2018.05.22-11.06.31:084][  0]LocalizationService: Localization service is disabled
[2018.05.22-11.06.34:488][  0]LogConsoleResponse: Display: 
[2018.05.22-11.06.37:929][  0]LogCook: Display: Max memory allowance for cook 16384mb min free memory 0mb
[2018.05.22-11.06.37:929][  0]LogCook: Display: Mobile HDR setting 1
[2018.05.22-11.06.37:950][  0]LogFileCache: Scanning file cache for directory 'C:/Users/Charlie.CHARLIE-SAN/Documents/GitHub/sadhatgame/sadhatproj/Content/' took 0.05s
[2018.05.22-11.06.37:951][  0]LogGameplayTags: Display: UGameplayTagsManager::DoneAddingNativeTags. DelegateIsBound: 0
[2018.05.22-11.06.44:678][  0]SourceControl: Source control is disabled
[2018.05.22-11.06.44:687][  0]Cmd: MAP LOAD FILE="../../../../../../Users/Charlie.CHARLIE-SAN/Documents/GitHub/sadhatgame/sadhatproj/Content/2DSideScrollerBP/Maps/2DSideScrollerExampleMap.umap" TEMPLATE=0 SHOWPROGRESS=1 FEATURELEVEL=3
[2018.05.22-11.06.44:738][  0]LightingResults: New page: Lighting Build
[2018.05.22-11.06.44:969][  0]MapCheck: New page: Map Check
[2018.05.22-11.06.44:970][  0]LightingResults: New page: Lighting Build
[2018.05.22-11.06.47:288][  0]LogAIModule: Creating AISystem for world 2DSideScrollerExampleMap
[2018.05.22-11.06.47:626][  0]LogEditorServer: Finished looking for orphan Actors (0.000 secs)
[2018.05.22-11.06.47:696][  0]Cmd: MAP CHECKDEP NOCLEARLOG
[2018.05.22-11.06.47:867][  0]MapCheck: Map check complete: 0 Error(s), 0 Warning(s), took 170.829ms to complete.
[2018.05.22-11.06.47:867][  0]LogFileHelpers: Loading map '2DSideScrollerExampleMap' took 3.180
[2018.05.22-11.06.49:470][  0]LogCollectionManager: Loaded 0 collections in 0.023688 seconds
[2018.05.22-11.06.49:730][  0]LogFileCache: Scanning file cache for directory 'C:/Users/Charlie.CHARLIE-SAN/Documents/GitHub/sadhatgame/sadhatproj/Saved/Collections/' took 0.01s
[2018.05.22-11.06.49:730][  0]LogFileCache: Scanning file cache for directory 'C:/Users/Charlie.CHARLIE-SAN/Documents/GitHub/sadhatgame/sadhatproj/Content/Developers/Charlie/Collections/' took 0.01s
[2018.05.22-11.06.49:730][  0]LogFileCache: Scanning file cache for directory 'C:/Users/Charlie.CHARLIE-SAN/Documents/GitHub/sadhatgame/sadhatproj/Content/Collections/' took 0.01s
[2018.05.22-11.06.49:730][  0]LogCollectionManager: Rebuilt the GUID cache for 0 collections in 0.000001 seconds
[2018.05.22-11.06.49:745][  0]LogContentBrowser: Native class hierarchy populated in 0.0123 seconds. Added 2386 classes and 500 folders.
[2018.05.22-11.06.49:970][  0]LogContentBrowser: Native class hierarchy updated for 'WidgetCarousel' in 0.0009 seconds. Added 0 classes and 0 folders.
[2018.05.22-11.06.51:688][  0]LogContentBrowser: Native class hierarchy updated for 'AddContentDialog' in 0.0010 seconds. Added 0 classes and 0 folders.
[2018.05.22-11.06.51:898][  0]LogContentBrowser: Native class hierarchy updated for 'SceneOutliner' in 0.0009 seconds. Added 1 classes and 2 folders.
[2018.05.22-11.06.57:659][  0]LogSlate: Took 0.012081 seconds to synchronously load lazily loaded font '../../../Engine/Content/Slate/Fonts/Roboto-Regular.ttf' (155K)
[2018.05.22-11.06.57:705][  0]LogTemp: Executing iPhonePackager certificates Engine -bundlename com.YourCompany.sadhatproj
[2018.05.22-11.06.57:706][  0]LogTemp: CWD: C:\Program Files\Epic Games\UE_4.17\Engine\Binaries\DotNET\IOS
[2018.05.22-11.06.57:706][  0]LogTemp: Initial Dir: C:\Program Files\Epic Games\UE_4.17
[2018.05.22-11.06.57:706][  0]LogTemp: Env CWD: C:\Program Files\Epic Games\UE_4.17\Engine\Binaries\DotNET\IOS
[2018.05.22-11.06.57:706][  0]LogTemp: BranchPath = CHARLIE-SAN/C/Program Files/Epic Games/UE_4.17/Engine/Binaries --- GameBranchPath = CHARLIE-SAN/C/Program Files/Epic Games/UE_4.17/Engine/Binaries
[2018.05.22-11.06.57:706][  0]LogSlate: Took 0.013315 seconds to synchronously load lazily loaded font '../../../Engine/Content/Slate/Fonts/Roboto-Bold.ttf' (160K)
[2018.05.22-11.06.57:829][  0]LogTemp: MATCHED-Provision:,File:,Cert:
[2018.05.22-11.06.57:829][  0]LogSlate: Took 0.016658 seconds to synchronously load lazily loaded font '../../../Engine/Content/Editor/Slate/Fonts/FontAwesome.ttf' (139K)
[2018.05.22-11.06.58:660][  0]LogRenderer: Reallocating scene render targets to support 1208x576 Format 10 NumSamples 1 (Frame:1).
[2018.05.22-11.06.59:883][  0]LogContentBrowser: Native class hierarchy updated for 'HierarchicalLODOutliner' in 0.0010 seconds. Added 1 classes and 2 folders.
[2018.05.22-11.06.59:883][  0]LogLoad: (Engine Initialization) Total time: 139.01 seconds
[2018.05.22-11.06.59:883][  0]LogLoad: (Engine Initialization) Total Blueprint compile time: 0.00 seconds
[2018.05.22-11.06.59:904][  0]LogExternalProfiler: Found external profiler: VSPerf
[2018.05.22-11.06.59:904][  0]LogExternalProfiler: Using external profiler: VSPerf
[2018.05.22-11.07.00:462][  0]LogContentStreaming: Texture pool size now 1000 MB
[2018.05.22-11.07.01:074][  1]LogSlate: Took 0.015939 seconds to synchronously load lazily loaded font '../../../Engine/Content/Slate/Fonts/Roboto-Light.ttf' (159K)
[2018.05.22-11.07.01:209][  3]LogAssetRegistry: Asset discovery search completed in 101.6768 seconds
[2018.05.22-11.07.01:234][  3]LogCollectionManager: Rebuilt the object cache for 0 collections in 0.000001 seconds (found 0 objects)
[2018.05.22-11.07.01:234][  3]LogCollectionManager: Fixed up redirectors for 0 collections in 0.000945 seconds (updated 0 objects)
[2018.05.22-11.09.22:799][380]LogTemp: Repeating last play command: Selected Viewport
[2018.05.22-11.09.26:053][380]LogBlueprintUserMessages: Early PlayInEditor Detection: Level '/Game/2DSideScrollerBP/Maps/2DSideScrollerExampleMap.2DSideScrollerExampleMap:PersistentLevel' has LevelScriptBlueprint '/Game/2DSideScrollerBP/Maps/2DSideScrollerExampleMap.2DSideScrollerExampleMap:PersistentLevel.2DSideScrollerExampleMap' with GeneratedClass '/Game/2DSideScrollerBP/Maps/2DSideScrollerExampleMap.2DSideScrollerExampleMap_C' with ClassGeneratedBy '/Game/2DSideScrollerBP/Maps/2DSideScrollerExampleMap.2DSideScrollerExampleMap:PersistentLevel.2DSideScrollerExampleMap'
[2018.05.22-11.09.26:066][380]LogPlayLevel: PlayLevel: No blueprints needed recompiling
[2018.05.22-11.09.26:169][380]PIE: New page: PIE session: 2DSideScrollerExampleMap (22 May 2018 13:09:26)
[2018.05.22-11.09.26:189][380]LogPlayLevel: Creating play world package: /Game/2DSideScrollerBP/Maps/UEDPIE_0_2DSideScrollerExampleMap
[2018.05.22-11.09.26:275][380]LogPlayLevel: PIE: StaticDuplicateObject took: (0.085663s)
[2018.05.22-11.09.26:295][380]LogAIModule: Creating AISystem for world 2DSideScrollerExampleMap
[2018.05.22-11.09.26:295][380]LogPlayLevel: PIE: World Init took: (0.020038s)
[2018.05.22-11.09.26:295][380]LogPlayLevel: PIE: Created PIE world by copying editor world from /Game/2DSideScrollerBP/Maps/2DSideScrollerExampleMap.2DSideScrollerExampleMap to /Game/2DSideScrollerBP/Maps/UEDPIE_0_2DSideScrollerExampleMap.2DSideScrollerExampleMap (0.109039s)
[2018.05.22-11.09.26:336][380]LogInit: XAudio2 using 'T24D390 (NVIDIA High Definition Audio)' : 2 channels at 48 kHz using 16 bits per sample (channel mask 0x3)
[2018.05.22-11.09.26:351][380]LogInit: FAudioDevice initialized.
[2018.05.22-11.09.26:463][380]LogLoad: Game class is '2DSideScrollerGameMode_C'
[2018.05.22-11.09.26:685][380]LogWorld: Bringing World /Game/2DSideScrollerBP/Maps/UEDPIE_0_2DSideScrollerExampleMap.2DSideScrollerExampleMap up for play (max tick rate 0) at 2018.05.22-12.09.26
[2018.05.22-11.09.26:722][380]LogWorld: Bringing up level for play took: 0.063206
[2018.05.22-11.09.27:004][380]LogContentBrowser: Native class hierarchy updated for 'MovieSceneCapture' in 0.0011 seconds. Added 11 classes and 0 folders.
[2018.05.22-11.09.27:022][380]PIE: Play in editor start time for /Game/2DSideScrollerBP/Maps/UEDPIE_0_2DSideScrollerExampleMap 0.265
[2018.05.22-11.09.27:023][380]LogBlueprintUserMessages: Late PlayInEditor Detection: Level '/Game/2DSideScrollerBP/Maps/2DSideScrollerExampleMap.2DSideScrollerExampleMap:PersistentLevel' has LevelScriptBlueprint '/Game/2DSideScrollerBP/Maps/2DSideScrollerExampleMap.2DSideScrollerExampleMap:PersistentLevel.2DSideScrollerExampleMap' with GeneratedClass '/Game/2DSideScrollerBP/Maps/2DSideScrollerExampleMap.2DSideScrollerExampleMap_C' with ClassGeneratedBy '/Game/2DSideScrollerBP/Maps/2DSideScrollerExampleMap.2DSideScrollerExampleMap:PersistentLevel.2DSideScrollerExampleMap'
[2018.05.22-11.09.40:563][793]LogBlueprintUserMessages: Early EndPlayMap Detection: Level '/Game/2DSideScrollerBP/Maps/2DSideScrollerExampleMap.2DSideScrollerExampleMap:PersistentLevel' has LevelScriptBlueprint '/Game/2DSideScrollerBP/Maps/2DSideScrollerExampleMap.2DSideScrollerExampleMap:PersistentLevel.2DSideScrollerExampleMap' with GeneratedClass '/Game/2DSideScrollerBP/Maps/2DSideScrollerExampleMap.2DSideScrollerExampleMap_C' with ClassGeneratedBy '/Game/2DSideScrollerBP/Maps/2DSideScrollerExampleMap.2DSideScrollerExampleMap:PersistentLevel.2DSideScrollerExampleMap'
[2018.05.22-11.09.40:726][793]LogBlueprintUserMessages: Late EndPlayMap Detection: Level '/Game/2DSideScrollerBP/Maps/2DSideScrollerExampleMap.2DSideScrollerExampleMap:PersistentLevel' has LevelScriptBlueprint '/Game/2DSideScrollerBP/Maps/2DSideScrollerExampleMap.2DSideScrollerExampleMap:PersistentLevel.2DSideScrollerExampleMap' with GeneratedClass '/Game/2DSideScrollerBP/Maps/2DSideScrollerExampleMap.2DSideScrollerExampleMap_C' with ClassGeneratedBy '/Game/2DSideScrollerBP/Maps/2DSideScrollerExampleMap.2DSideScrollerExampleMap:PersistentLevel.2DSideScrollerExampleMap'
[2018.05.22-11.09.50:869][793]LogSlate: Took 0.013006 seconds to synchronously load lazily loaded font '../../../Engine/Content/Slate/Fonts/Roboto-Light.ttf' (159K)
[2018.05.22-11.09.51:676][793]LogSlate: Took 0.026303 seconds to synchronously load lazily loaded font '../../../Engine/Content/Slate/Fonts/Roboto-Regular.ttf' (155K)
[2018.05.22-11.09.52:127][793]LogContentBrowser: Native class hierarchy updated for 'BlueprintGraph' in 0.0015 seconds. Added 113 classes and 0 folders.
[2018.05.22-11.09.54:776][793]LogSlate: Took 0.011656 seconds to synchronously load lazily loaded font '../../../Engine/Content/Editor/Slate/Fonts/Roboto-BoldCondensed.ttf' (158K)
[2018.05.22-11.09.55:586][794]LogSlate: Took 0.017718 seconds to synchronously load lazily loaded font '../../../Engine/Content/Editor/Slate/Fonts/Roboto-Italic.ttf' (157K)
[2018.05.22-11.10.49:365][492]LogRenderer: Reallocating scene render targets to support 1208x712 Format 10 NumSamples 1 (Frame:1).
[2018.05.22-11.11.01:014][ 86]LogSlate: Took 0.000513 seconds to synchronously load lazily loaded font '../../../Engine/Content/Slate/Fonts/Roboto-Light.ttf' (159K)
[2018.05.22-11.11.27:402][907]LogFactory: FactoryCreateFile: Texture with ReimportTextureFactory (0 0 ../../../../../../Users/Charlie.CHARLIE-SAN/Pictures/sadhat assets/Player.png)
[2018.05.22-11.11.27:721][907]LogTexture: Display: Building textures: Player (AutoDXT, 64X64)
[2018.05.22-11.13.27:755][640]LogEditorTransaction: Undo Set Vector Property
[2018.05.22-11.13.27:767][640]LogActorComponent: ~FComponentReregisterContext: (/Engine/Transient.World_2:PersistentLevel.newPlayer_C_0.CollisionCylinder) Component already registered.
[2018.05.22-11.13.27:953][643]LogEditorTransaction: Undo Set Vector Property
[2018.05.22-11.13.27:958][643]LogActorComponent: ~FComponentReregisterContext: (/Engine/Transient.World_2:PersistentLevel.newPlayer_C_0.CollisionCylinder) Component already registered.
[2018.05.22-11.13.28:114][648]LogEditorTransaction: Undo Set Vector Property
[2018.05.22-11.13.28:119][648]LogActorComponent: ~FComponentReregisterContext: (/Engine/Transient.World_2:PersistentLevel.newPlayer_C_0.CollisionCylinder) Component already registered.
[2018.05.22-11.13.30:287][770]LogEditorTransaction: Undo Set Vector Property
[2018.05.22-11.13.30:294][770]LogActorComponent: ~FComponentReregisterContext: (/Engine/Transient.World_2:PersistentLevel.newPlayer_C_0.CollisionCylinder) Component already registered.
[2018.05.22-11.13.32:592][912]LogEditorTransaction: Undo Set Vector Property
[2018.05.22-11.13.32:602][912]LogActorComponent: ~FComponentReregisterContext: (/Engine/Transient.World_2:PersistentLevel.newPlayer_C_0.CollisionCylinder) Component already registered.
[2018.05.22-11.13.32:944][933]LogEditorTransaction: Undo Set Vector Property
[2018.05.22-11.13.32:951][933]LogActorComponent: ~FComponentReregisterContext: (/Engine/Transient.World_2:PersistentLevel.newPlayer_C_0.CollisionCylinder) Component already registered.
[2018.05.22-11.13.33:245][952]LogEditorTransaction: Undo Set Vector Property
[2018.05.22-11.13.33:252][952]LogActorComponent: ~FComponentReregisterContext: (/Engine/Transient.World_2:PersistentLevel.newPlayer_C_0.CollisionCylinder) Component already registered.
[2018.05.22-11.14.35:156][ 88]BlueprintLog: New page: Compile newPlayer
[2018.05.22-11.14.40:810][486]LogEditorViewport: Clicking on Actor (LMB): 2DSideScrollerCharacter_C (2DSideScrollerCharacter)
[2018.05.22-11.14.43:648][725]Cmd: DELETE
[2018.05.22-11.14.43:648][725]Cmd: ACTOR DELETE
[2018.05.22-11.14.43:848][725]LogEditorActor: Deleted Actor: 2DSideScrollerCharacter_C
[2018.05.22-11.14.43:973][725]LogEditorActor: Deleted 1 Actors (0.142 secs)
[2018.05.22-11.15.13:410][283]Cmd: MODE GRID=0
[2018.05.22-11.15.24:210][231]LogSlate: Warning: Prevented a slow task dialog from being summoned while a context menu was open
[2018.05.22-11.15.39:918][378]LogTemp: Repeating last play command: Selected Viewport
[2018.05.22-11.15.39:943][378]LogBlueprintUserMessages: Early PlayInEditor Detection: Level '/Game/2DSideScrollerBP/Maps/2DSideScrollerExampleMap.2DSideScrollerExampleMap:PersistentLevel' has LevelScriptBlueprint '/Game/2DSideScrollerBP/Maps/2DSideScrollerExampleMap.2DSideScrollerExampleMap:PersistentLevel.2DSideScrollerExampleMap' with GeneratedClass '/Game/2DSideScrollerBP/Maps/2DSideScrollerExampleMap.2DSideScrollerExampleMap_C' with ClassGeneratedBy '/Game/2DSideScrollerBP/Maps/2DSideScrollerExampleMap.2DSideScrollerExampleMap:PersistentLevel.2DSideScrollerExampleMap'
[2018.05.22-11.15.39:964][378]LogPlayLevel: PlayLevel: No blueprints needed recompiling
[2018.05.22-11.15.39:964][378]PIE: New page: PIE session: 2DSideScrollerExampleMap (22 May 2018 13:15:39)
[2018.05.22-11.15.39:964][378]LogPlayLevel: Creating play world package: /Game/2DSideScrollerBP/Maps/UEDPIE_0_2DSideScrollerExampleMap
[2018.05.22-11.15.39:968][378]LogPlayLevel: PIE: StaticDuplicateObject took: (0.003636s)
[2018.05.22-11.15.39:969][378]LogAIModule: Creating AISystem for world 2DSideScrollerExampleMap
[2018.05.22-11.15.39:969][378]LogPlayLevel: PIE: World Init took: (0.000906s)
[2018.05.22-11.15.39:969][378]LogPlayLevel: PIE: Created PIE world by copying editor world from /Game/2DSideScrollerBP/Maps/2DSideScrollerExampleMap.2DSideScrollerExampleMap to /Game/2DSideScrollerBP/Maps/UEDPIE_0_2DSideScrollerExampleMap.2DSideScrollerExampleMap (0.004845s)
[2018.05.22-11.15.40:066][378]LogInit: XAudio2 using 'T24D390 (NVIDIA High Definition Audio)' : 2 channels at 48 kHz using 16 bits per sample (channel mask 0x3)
[2018.05.22-11.15.40:077][378]LogInit: FAudioDevice initialized.
[2018.05.22-11.15.40:116][378]LogLoad: Game class is '2DSideScrollerGameMode_C'
[2018.05.22-11.15.40:119][378]LogWorld: Bringing World /Game/2DSideScrollerBP/Maps/UEDPIE_0_2DSideScrollerExampleMap.2DSideScrollerExampleMap up for play (max tick rate 0) at 2018.05.22-12.15.40
[2018.05.22-11.15.40:217][378]LogWorld: Bringing up level for play took: 0.099701
[2018.05.22-11.15.40:318][378]PIE: Play in editor start time for /Game/2DSideScrollerBP/Maps/UEDPIE_0_2DSideScrollerExampleMap -0.439
[2018.05.22-11.15.40:318][378]LogBlueprintUserMessages: Late PlayInEditor Detection: Level '/Game/2DSideScrollerBP/Maps/2DSideScrollerExampleMap.2DSideScrollerExampleMap:PersistentLevel' has LevelScriptBlueprint '/Game/2DSideScrollerBP/Maps/2DSideScrollerExampleMap.2DSideScrollerExampleMap:PersistentLevel.2DSideScrollerExampleMap' with GeneratedClass '/Game/2DSideScrollerBP/Maps/2DSideScrollerExampleMap.2DSideScrollerExampleMap_C' with ClassGeneratedBy '/Game/2DSideScrollerBP/Maps/2DSideScrollerExampleMap.2DSideScrollerExampleMap:PersistentLevel.2DSideScrollerExampleMap'
[2018.05.22-11.15.43:769][726]LogBlueprintUserMessages: Early EndPlayMap Detection: Level '/Game/2DSideScrollerBP/Maps/2DSideScrollerExampleMap.2DSideScrollerExampleMap:PersistentLevel' has LevelScriptBlueprint '/Game/2DSideScrollerBP/Maps/2DSideScrollerExampleMap.2DSideScrollerExampleMap:PersistentLevel.2DSideScrollerExampleMap' with GeneratedClass '/Game/2DSideScrollerBP/Maps/2DSideScrollerExampleMap.2DSideScrollerExampleMap_C' with ClassGeneratedBy '/Game/2DSideScrollerBP/Maps/2DSideScrollerExampleMap.2DSideScrollerExampleMap:PersistentLevel.2DSideScrollerExampleMap'
[2018.05.22-11.15.43:901][726]LogBlueprintUserMessages: Late EndPlayMap Detection: Level '/Game/2DSideScrollerBP/Maps/2DSideScrollerExampleMap.2DSideScrollerExampleMap:PersistentLevel' has LevelScriptBlueprint '/Game/2DSideScrollerBP/Maps/2DSideScrollerExampleMap.2DSideScrollerExampleMap:PersistentLevel.2DSideScrollerExampleMap' with GeneratedClass '/Game/2DSideScrollerBP/Maps/2DSideScrollerExampleMap.2DSideScrollerExampleMap_C' with ClassGeneratedBy '/Game/2DSideScrollerBP/Maps/2DSideScrollerExampleMap.2DSideScrollerExampleMap:PersistentLevel.2DSideScrollerExampleMap'
[2018.05.22-11.15.47:885][ 62]LogEditorViewport: Clicking on Actor (LMB): PlayerStart (NetworkPlayerStart)
[2018.05.22-11.15.49:737][227]LogEditorViewport: Clicking on Actor (LMB): newPlayer_C (newPlayer)
[2018.05.22-11.15.50:652][300]Cmd: DELETE
[2018.05.22-11.15.50:652][300]Cmd: ACTOR DELETE
[2018.05.22-11.15.50:652][300]LogEditorActor: Deleted Actor: newPlayer_C
[2018.05.22-11.15.50:706][300]LogEditorActor: Deleted 1 Actors (0.054 secs)
[2018.05.22-11.15.51:571][381]LogTemp: Repeating last play command: Selected Viewport
[2018.05.22-11.15.51:590][381]LogBlueprintUserMessages: Early PlayInEditor Detection: Level '/Game/2DSideScrollerBP/Maps/2DSideScrollerExampleMap.2DSideScrollerExampleMap:PersistentLevel' has LevelScriptBlueprint '/Game/2DSideScrollerBP/Maps/2DSideScrollerExampleMap.2DSideScrollerExampleMap:PersistentLevel.2DSideScrollerExampleMap' with GeneratedClass '/Game/2DSideScrollerBP/Maps/2DSideScrollerExampleMap.2DSideScrollerExampleMap_C' with ClassGeneratedBy '/Game/2DSideScrollerBP/Maps/2DSideScrollerExampleMap.2DSideScrollerExampleMap:PersistentLevel.2DSideScrollerExampleMap'
[2018.05.22-11.15.51:590][381]LogPlayLevel: PlayLevel: No blueprints needed recompiling
[2018.05.22-11.15.51:591][381]PIE: New page: PIE session: 2DSideScrollerExampleMap (22 May 2018 13:15:51)
[2018.05.22-11.15.51:591][381]LogPlayLevel: Creating play world package: /Game/2DSideScrollerBP/Maps/UEDPIE_0_2DSideScrollerExampleMap
[2018.05.22-11.15.51:593][381]LogPlayLevel: PIE: StaticDuplicateObject took: (0.002611s)
[2018.05.22-11.15.51:594][381]LogAIModule: Creating AISystem for world 2DSideScrollerExampleMap
[2018.05.22-11.15.51:594][381]LogPlayLevel: PIE: World Init took: (0.000877s)
[2018.05.22-11.15.51:594][381]LogPlayLevel: PIE: Created PIE world by copying editor world from /Game/2DSideScrollerBP/Maps/2DSideScrollerExampleMap.2DSideScrollerExampleMap to /Game/2DSideScrollerBP/Maps/UEDPIE_0_2DSideScrollerExampleMap.2DSideScrollerExampleMap (0.003767s)
[2018.05.22-11.15.51:625][381]LogInit: XAudio2 using 'T24D390 (NVIDIA High Definition Audio)' : 2 channels at 48 kHz using 16 bits per sample (channel mask 0x3)
[2018.05.22-11.15.51:636][381]LogInit: FAudioDevice initialized.
[2018.05.22-11.15.51:670][381]LogLoad: Game class is '2DSideScrollerGameMode_C'
[2018.05.22-11.15.51:672][381]LogWorld: Bringing World /Game/2DSideScrollerBP/Maps/UEDPIE_0_2DSideScrollerExampleMap.2DSideScrollerExampleMap up for play (max tick rate 0) at 2018.05.22-12.15.51
[2018.05.22-11.15.51:672][381]LogWorld: Bringing up level for play took: 0.001924
[2018.05.22-11.15.51:675][381]PIE: Play in editor start time for /Game/2DSideScrollerBP/Maps/UEDPIE_0_2DSideScrollerExampleMap 0.917
[2018.05.22-11.15.51:675][381]LogBlueprintUserMessages: Late PlayInEditor Detection: Level '/Game/2DSideScrollerBP/Maps/2DSideScrollerExampleMap.2DSideScrollerExampleMap:PersistentLevel' has LevelScriptBlueprint '/Game/2DSideScrollerBP/Maps/2DSideScrollerExampleMap.2DSideScrollerExampleMap:PersistentLevel.2DSideScrollerExampleMap' with GeneratedClass '/Game/2DSideScrollerBP/Maps/2DSideScrollerExampleMap.2DSideScrollerExampleMap_C' with ClassGeneratedBy '/Game/2DSideScrollerBP/Maps/2DSideScrollerExampleMap.2DSideScrollerExampleMap:PersistentLevel.2DSideScrollerExampleMap'
[2018.05.22-11.15.52:882][502]LogBlueprintUserMessages: Early EndPlayMap Detection: Level '/Game/2DSideScrollerBP/Maps/2DSideScrollerExampleMap.2DSideScrollerExampleMap:PersistentLevel' has LevelScriptBlueprint '/Game/2DSideScrollerBP/Maps/2DSideScrollerExampleMap.2DSideScrollerExampleMap:PersistentLevel.2DSideScrollerExampleMap' with GeneratedClass '/Game/2DSideScrollerBP/Maps/2DSideScrollerExampleMap.2DSideScrollerExampleMap_C' with ClassGeneratedBy '/Game/2DSideScrollerBP/Maps/2DSideScrollerExampleMap.2DSideScrollerExampleMap:PersistentLevel.2DSideScrollerExampleMap'
[2018.05.22-11.15.52:916][502]LogBlueprintUserMessages: Late EndPlayMap Detection: Level '/Game/2DSideScrollerBP/Maps/2DSideScrollerExampleMap.2DSideScrollerExampleMap:PersistentLevel' has LevelScriptBlueprint '/Game/2DSideScrollerBP/Maps/2DSideScrollerExampleMap.2DSideScrollerExampleMap:PersistentLevel.2DSideScrollerExampleMap' with GeneratedClass '/Game/2DSideScrollerBP/Maps/2DSideScrollerExampleMap.2DSideScrollerExampleMap_C' with ClassGeneratedBy '/Game/2DSideScrollerBP/Maps/2DSideScrollerExampleMap.2DSideScrollerExampleMap:PersistentLevel.2DSideScrollerExampleMap'
[2018.05.22-11.17.23:819][277]LogSavePackage: Save=217.95ms
[2018.05.22-11.17.23:819][277]LogSavePackage: Moving '../../../../../../Users/Charlie.CHARLIE-SAN/Documents/GitHub/sadhatgame/sadhatproj/Saved/2DSideScrollerExampleMap_Auto1F8C495B74417DC8E6AD390BF66DC8142.tmp' to '../../../../../../Users/Charlie.CHARLIE-SAN/Documents/GitHub/sadhatgame/sadhatproj/Saved/Autosaves/Game/2DSideScrollerBP/Maps/2DSideScrollerExampleMap_Auto1.umap'
[2018.05.22-11.17.23:834][277]LogSavePackage: Display: Finished SavePackage ../../../../../../Users/Charlie.CHARLIE-SAN/Documents/GitHub/sadhatgame/sadhatproj/Saved/Autosaves/Game/2DSideScrollerBP/Maps/2DSideScrollerExampleMap_Auto1.umap
[2018.05.22-11.17.23:837][277]LogFileHelpers: Editor autosave (incl. sublevels) for '/Game/2DSideScrollerBP/Maps/2DSideScrollerExampleMap' took 0.314
[2018.05.22-11.17.23:837][277]LogFileHelpers: Editor autosave (incl. sublevels) for all levels took 0.314
[2018.05.22-11.17.23:843][277]OBJ SavePackage: Generating thumbnails for [0] asset(s) in package [/Game/2DSideScrollerBP/Blueprints/2DSideScrollerGameMode] ([1] browsable assets)...
[2018.05.22-11.17.23:843][277]OBJ SavePackage: Finished generating thumbnails for package [/Game/2DSideScrollerBP/Blueprints/2DSideScrollerGameMode]
[2018.05.22-11.17.23:868][277]LogSavePackage: Save=15.00ms
[2018.05.22-11.17.23:868][277]LogSavePackage: Moving '../../../../../../Users/Charlie.CHARLIE-SAN/Documents/GitHub/sadhatgame/sadhatproj/Saved/2DSideScrollerGameMode_Auto17F94007D430EC8C155EFA0A5268E1986.tmp' to '../../../../../../Users/Charlie.CHARLIE-SAN/Documents/GitHub/sadhatgame/sadhatproj/Saved/Autosaves/Game/2DSideScrollerBP/Blueprints/2DSideScrollerGameMode_Auto1.uasset'
[2018.05.22-11.17.23:870][277]LogSavePackage: Display: Finished SavePackage ../../../../../../Users/Charlie.CHARLIE-SAN/Documents/GitHub/sadhatgame/sadhatproj/Saved/Autosaves/Game/2DSideScrollerBP/Blueprints/2DSideScrollerGameMode_Auto1.uasset
[2018.05.22-11.17.23:872][277]OBJ SavePackage: Generating thumbnails for [0] asset(s) in package [/Game/2DSideScrollerBP/Blueprints/newPlayer] ([1] browsable assets)...
[2018.05.22-11.17.23:872][277]OBJ SavePackage: Finished generating thumbnails for package [/Game/2DSideScrollerBP/Blueprints/newPlayer]
[2018.05.22-11.17.23:913][277]LogSavePackage: Save=37.72ms
[2018.05.22-11.17.23:913][277]LogSavePackage: Moving '../../../../../../Users/Charlie.CHARLIE-SAN/Documents/GitHub/sadhatgame/sadhatproj/Saved/newPlayer_Auto15929864A4C7B25758487ACAF5FA7FAAF.tmp' to '../../../../../../Users/Charlie.CHARLIE-SAN/Documents/GitHub/sadhatgame/sadhatproj/Saved/Autosaves/Game/2DSideScrollerBP/Blueprints/newPlayer_Auto1.uasset'
[2018.05.22-11.17.23:918][277]LogSavePackage: Display: Finished SavePackage ../../../../../../Users/Charlie.CHARLIE-SAN/Documents/GitHub/sadhatgame/sadhatproj/Saved/Autosaves/Game/2DSideScrollerBP/Blueprints/newPlayer_Auto1.uasset
[2018.05.22-11.17.23:920][277]OBJ SavePackage: Generating thumbnails for [1] asset(s) in package [/Game/2DSideScrollerBP/Blueprints/Player] ([1] browsable assets)...
[2018.05.22-11.17.23:960][277]OBJ SavePackage:     Rendered thumbnail for [Texture2D /Game/2DSideScrollerBP/Blueprints/Player.Player]
[2018.05.22-11.17.23:960][277]OBJ SavePackage: Finished generating thumbnails for package [/Game/2DSideScrollerBP/Blueprints/Player]
[2018.05.22-11.17.24:001][277]LogSavePackage: Save=36.65ms
[2018.05.22-11.17.24:001][277]LogSavePackage: Moving '../../../../../../Users/Charlie.CHARLIE-SAN/Documents/GitHub/sadhatgame/sadhatproj/Saved/Player_Auto1318B8C004197F75DC9DD2E9FB32532D5.tmp' to '../../../../../../Users/Charlie.CHARLIE-SAN/Documents/GitHub/sadhatgame/sadhatproj/Saved/Autosaves/Game/2DSideScrollerBP/Blueprints/Player_Auto1.uasset'
[2018.05.22-11.17.24:004][277]LogSavePackage: Display: Finished SavePackage ../../../../../../Users/Charlie.CHARLIE-SAN/Documents/GitHub/sadhatgame/sadhatproj/Saved/Autosaves/Game/2DSideScrollerBP/Blueprints/Player_Auto1.uasset
[2018.05.22-11.17.24:006][277]OBJ SavePackage: Generating thumbnails for [1] asset(s) in package [/Game/2DSideScrollerBP/Blueprints/Player_Sprite] ([1] browsable assets)...
[2018.05.22-11.17.24:017][277]OBJ SavePackage:     Rendered thumbnail for [PaperSprite /Game/2DSideScrollerBP/Blueprints/Player_Sprite.Player_Sprite]
[2018.05.22-11.17.24:017][277]OBJ SavePackage: Finished generating thumbnails for package [/Game/2DSideScrollerBP/Blueprints/Player_Sprite]
[2018.05.22-11.17.24:027][277]LogSavePackage: Save=6.53ms
[2018.05.22-11.17.24:027][277]LogSavePackage: Moving '../../../../../../Users/Charlie.CHARLIE-SAN/Documents/GitHub/sadhatgame/sadhatproj/Saved/Player_Sprite_Auto18DC8101B44BD7A9CC2BF4BAE7AD00F26.tmp' to '../../../../../../Users/Charlie.CHARLIE-SAN/Documents/GitHub/sadhatgame/sadhatproj/Saved/Autosaves/Game/2DSideScrollerBP/Blueprints/Player_Sprite_Auto1.uasset'
[2018.05.22-11.17.24:033][277]LogSavePackage: Display: Finished SavePackage ../../../../../../Users/Charlie.CHARLIE-SAN/Documents/GitHub/sadhatgame/sadhatproj/Saved/Autosaves/Game/2DSideScrollerBP/Blueprints/Player_Sprite_Auto1.uasset
[2018.05.22-11.17.24:033][277]LogFileHelpers: Auto-saving content packages took 0.194
[2018.05.22-11.21.30:847][834]BlueprintLog: New page: Compile newPlayer
[2018.05.22-11.22.32:892][920]LogTemp: Repeating last play command: Selected Viewport
[2018.05.22-11.22.32:914][920]LogBlueprintUserMessages: Early PlayInEditor Detection: Level '/Game/2DSideScrollerBP/Maps/2DSideScrollerExampleMap.2DSideScrollerExampleMap:PersistentLevel' has LevelScriptBlueprint '/Game/2DSideScrollerBP/Maps/2DSideScrollerExampleMap.2DSideScrollerExampleMap:PersistentLevel.2DSideScrollerExampleMap' with GeneratedClass '/Game/2DSideScrollerBP/Maps/2DSideScrollerExampleMap.2DSideScrollerExampleMap_C' with ClassGeneratedBy '/Game/2DSideScrollerBP/Maps/2DSideScrollerExampleMap.2DSideScrollerExampleMap:PersistentLevel.2DSideScrollerExampleMap'
[2018.05.22-11.22.32:915][920]LogPlayLevel: PlayLevel: No blueprints needed recompiling
[2018.05.22-11.22.32:915][920]PIE: New page: PIE session: 2DSideScrollerExampleMap (22 May 2018 13:22:32)
[2018.05.22-11.22.32:916][920]LogPlayLevel: Creating play world package: /Game/2DSideScrollerBP/Maps/UEDPIE_0_2DSideScrollerExampleMap
[2018.05.22-11.22.32:919][920]LogPlayLevel: PIE: StaticDuplicateObject took: (0.003778s)
[2018.05.22-11.22.32:921][920]LogAIModule: Creating AISystem for world 2DSideScrollerExampleMap
[2018.05.22-11.22.32:921][920]LogPlayLevel: PIE: World Init took: (0.001649s)
[2018.05.22-11.22.32:921][920]LogPlayLevel: PIE: Created PIE world by copying editor world from /Game/2DSideScrollerBP/Maps/2DSideScrollerExampleMap.2DSideScrollerExampleMap to /Game/2DSideScrollerBP/Maps/UEDPIE_0_2DSideScrollerExampleMap.2DSideScrollerExampleMap (0.005753s)
[2018.05.22-11.22.32:952][920]LogInit: XAudio2 using 'T24D390 (NVIDIA High Definition Audio)' : 2 channels at 48 kHz using 16 bits per sample (channel mask 0x3)
[2018.05.22-11.22.32:963][920]LogInit: FAudioDevice initialized.
[2018.05.22-11.22.32:998][920]LogLoad: Game class is '2DSideScrollerGameMode_C'
[2018.05.22-11.22.33:001][920]LogWorld: Bringing World /Game/2DSideScrollerBP/Maps/UEDPIE_0_2DSideScrollerExampleMap.2DSideScrollerExampleMap up for play (max tick rate 0) at 2018.05.22-12.22.33
[2018.05.22-11.22.33:001][920]LogWorld: Bringing up level for play took: 0.002060
[2018.05.22-11.22.33:003][920]PIE: Play in editor start time for /Game/2DSideScrollerBP/Maps/UEDPIE_0_2DSideScrollerExampleMap 0.246
[2018.05.22-11.22.33:004][920]LogBlueprintUserMessages: Late PlayInEditor Detection: Level '/Game/2DSideScrollerBP/Maps/2DSideScrollerExampleMap.2DSideScrollerExampleMap:PersistentLevel' has LevelScriptBlueprint '/Game/2DSideScrollerBP/Maps/2DSideScrollerExampleMap.2DSideScrollerExampleMap:PersistentLevel.2DSideScrollerExampleMap' with GeneratedClass '/Game/2DSideScrollerBP/Maps/2DSideScrollerExampleMap.2DSideScrollerExampleMap_C' with ClassGeneratedBy '/Game/2DSideScrollerBP/Maps/2DSideScrollerExampleMap.2DSideScrollerExampleMap:PersistentLevel.2DSideScrollerExampleMap'
[2018.05.22-11.22.35:674][212]LogBlueprintUserMessages: Early EndPlayMap Detection: Level '/Game/2DSideScrollerBP/Maps/2DSideScrollerExampleMap.2DSideScrollerExampleMap:PersistentLevel' has LevelScriptBlueprint '/Game/2DSideScrollerBP/Maps/2DSideScrollerExampleMap.2DSideScrollerExampleMap:PersistentLevel.2DSideScrollerExampleMap' with GeneratedClass '/Game/2DSideScrollerBP/Maps/2DSideScrollerExampleMap.2DSideScrollerExampleMap_C' with ClassGeneratedBy '/Game/2DSideScrollerBP/Maps/2DSideScrollerExampleMap.2DSideScrollerExampleMap:PersistentLevel.2DSideScrollerExampleMap'
[2018.05.22-11.22.35:707][212]LogBlueprintUserMessages: Late EndPlayMap Detection: Level '/Game/2DSideScrollerBP/Maps/2DSideScrollerExampleMap.2DSideScrollerExampleMap:PersistentLevel' has LevelScriptBlueprint '/Game/2DSideScrollerBP/Maps/2DSideScrollerExampleMap.2DSideScrollerExampleMap:PersistentLevel.2DSideScrollerExampleMap' with GeneratedClass '/Game/2DSideScrollerBP/Maps/2DSideScrollerExampleMap.2DSideScrollerExampleMap_C' with ClassGeneratedBy '/Game/2DSideScrollerBP/Maps/2DSideScrollerExampleMap.2DSideScrollerExampleMap:PersistentLevel.2DSideScrollerExampleMap'
[2018.05.22-11.22.51:207][377]LogEditorViewport: Clicking on Actor (LMB): PlayerStart (NetworkPlayerStart)
[2018.05.22-11.22.56:555][895]LogNavigationPoint: PostEditMove Clear paths rebuilt
[2018.05.22-11.22.57:482][983]LogTemp: Repeating last play command: Selected Viewport
[2018.05.22-11.22.57:500][983]LogBlueprintUserMessages: Early PlayInEditor Detection: Level '/Game/2DSideScrollerBP/Maps/2DSideScrollerExampleMap.2DSideScrollerExampleMap:PersistentLevel' has LevelScriptBlueprint '/Game/2DSideScrollerBP/Maps/2DSideScrollerExampleMap.2DSideScrollerExampleMap:PersistentLevel.2DSideScrollerExampleMap' with GeneratedClass '/Game/2DSideScrollerBP/Maps/2DSideScrollerExampleMap.2DSideScrollerExampleMap_C' with ClassGeneratedBy '/Game/2DSideScrollerBP/Maps/2DSideScrollerExampleMap.2DSideScrollerExampleMap:PersistentLevel.2DSideScrollerExampleMap'
[2018.05.22-11.22.57:500][983]LogPlayLevel: PlayLevel: No blueprints needed recompiling
[2018.05.22-11.22.57:501][983]PIE: New page: PIE session: 2DSideScrollerExampleMap (22 May 2018 13:22:57)
[2018.05.22-11.22.57:501][983]LogPlayLevel: Creating play world package: /Game/2DSideScrollerBP/Maps/UEDPIE_0_2DSideScrollerExampleMap
[2018.05.22-11.22.57:504][983]LogPlayLevel: PIE: StaticDuplicateObject took: (0.003209s)
[2018.05.22-11.22.57:505][983]LogAIModule: Creating AISystem for world 2DSideScrollerExampleMap
[2018.05.22-11.22.57:505][983]LogPlayLevel: PIE: World Init took: (0.000759s)
[2018.05.22-11.22.57:505][983]LogPlayLevel: PIE: Created PIE world by copying editor world from /Game/2DSideScrollerBP/Maps/2DSideScrollerExampleMap.2DSideScrollerExampleMap to /Game/2DSideScrollerBP/Maps/UEDPIE_0_2DSideScrollerExampleMap.2DSideScrollerExampleMap (0.004291s)
[2018.05.22-11.22.57:537][983]LogInit: XAudio2 using 'T24D390 (NVIDIA High Definition Audio)' : 2 channels at 48 kHz using 16 bits per sample (channel mask 0x3)
[2018.05.22-11.22.57:545][983]LogInit: FAudioDevice initialized.
[2018.05.22-11.22.57:581][983]LogLoad: Game class is '2DSideScrollerGameMode_C'
[2018.05.22-11.22.57:583][983]LogWorld: Bringing World /Game/2DSideScrollerBP/Maps/UEDPIE_0_2DSideScrollerExampleMap.2DSideScrollerExampleMap up for play (max tick rate 0) at 2018.05.22-12.22.57
[2018.05.22-11.22.57:583][983]LogWorld: Bringing up level for play took: 0.001942
[2018.05.22-11.22.57:585][983]PIE: Play in editor start time for /Game/2DSideScrollerBP/Maps/UEDPIE_0_2DSideScrollerExampleMap 0.828
[2018.05.22-11.22.57:586][983]LogBlueprintUserMessages: Late PlayInEditor Detection: Level '/Game/2DSideScrollerBP/Maps/2DSideScrollerExampleMap.2DSideScrollerExampleMap:PersistentLevel' has LevelScriptBlueprint '/Game/2DSideScrollerBP/Maps/2DSideScrollerExampleMap.2DSideScrollerExampleMap:PersistentLevel.2DSideScrollerExampleMap' with GeneratedClass '/Game/2DSideScrollerBP/Maps/2DSideScrollerExampleMap.2DSideScrollerExampleMap_C' with ClassGeneratedBy '/Game/2DSideScrollerBP/Maps/2DSideScrollerExampleMap.2DSideScrollerExampleMap:PersistentLevel.2DSideScrollerExampleMap'
[2018.05.22-11.25.51:171][284]LogBlueprintUserMessages: Early EndPlayMap Detection: Level '/Game/2DSideScrollerBP/Maps/2DSideScrollerExampleMap.2DSideScrollerExampleMap:PersistentLevel' has LevelScriptBlueprint '/Game/2DSideScrollerBP/Maps/2DSideScrollerExampleMap.2DSideScrollerExampleMap:PersistentLevel.2DSideScrollerExampleMap' with GeneratedClass '/Game/2DSideScrollerBP/Maps/2DSideScrollerExampleMap.2DSideScrollerExampleMap_C' with ClassGeneratedBy '/Game/2DSideScrollerBP/Maps/2DSideScrollerExampleMap.2DSideScrollerExampleMap:PersistentLevel.2DSideScrollerExampleMap'
[2018.05.22-11.25.51:215][284]LogBlueprintUserMessages: Late EndPlayMap Detection: Level '/Game/2DSideScrollerBP/Maps/2DSideScrollerExampleMap.2DSideScrollerExampleMap:PersistentLevel' has LevelScriptBlueprint '/Game/2DSideScrollerBP/Maps/2DSideScrollerExampleMap.2DSideScrollerExampleMap:PersistentLevel.2DSideScrollerExampleMap' with GeneratedClass '/Game/2DSideScrollerBP/Maps/2DSideScrollerExampleMap.2DSideScrollerExampleMap_C' with ClassGeneratedBy '/Game/2DSideScrollerBP/Maps/2DSideScrollerExampleMap.2DSideScrollerExampleMap:PersistentLevel.2DSideScrollerExampleMap'
[2018.05.22-11.26.14:808][594]Cmd: MODE GRID=1
[2018.05.22-11.26.20:178][897]BlueprintLog: New page: Compile newPlayer
[2018.05.22-11.26.23:994][ 99]LogBlueprintUserMessages: Early PlayInEditor Detection: Level '/Game/2DSideScrollerBP/Maps/2DSideScrollerExampleMap.2DSideScrollerExampleMap:PersistentLevel' has LevelScriptBlueprint '/Game/2DSideScrollerBP/Maps/2DSideScrollerExampleMap.2DSideScrollerExampleMap:PersistentLevel.2DSideScrollerExampleMap' with GeneratedClass '/Game/2DSideScrollerBP/Maps/2DSideScrollerExampleMap.2DSideScrollerExampleMap_C' with ClassGeneratedBy '/Game/2DSideScrollerBP/Maps/2DSideScrollerExampleMap.2DSideScrollerExampleMap:PersistentLevel.2DSideScrollerExampleMap'
[2018.05.22-11.26.23:994][ 99]LogPlayLevel: PlayLevel: No blueprints needed recompiling
[2018.05.22-11.26.23:994][ 99]PIE: New page: PIE session: 2DSideScrollerExampleMap (22 May 2018 13:26:23)
[2018.05.22-11.26.23:994][ 99]LogPlayLevel: Creating play world package: /Game/2DSideScrollerBP/Maps/UEDPIE_0_2DSideScrollerExampleMap
[2018.05.22-11.26.23:997][ 99]LogPlayLevel: PIE: StaticDuplicateObject took: (0.002659s)
[2018.05.22-11.26.23:997][ 99]LogAIModule: Creating AISystem for world 2DSideScrollerExampleMap
[2018.05.22-11.26.23:998][ 99]LogPlayLevel: PIE: World Init took: (0.000816s)
[2018.05.22-11.26.23:998][ 99]LogPlayLevel: PIE: Created PIE world by copying editor world from /Game/2DSideScrollerBP/Maps/2DSideScrollerExampleMap.2DSideScrollerExampleMap to /Game/2DSideScrollerBP/Maps/UEDPIE_0_2DSideScrollerExampleMap.2DSideScrollerExampleMap (0.003760s)
[2018.05.22-11.26.24:027][ 99]LogInit: XAudio2 using 'T24D390 (NVIDIA High Definition Audio)' : 2 channels at 48 kHz using 16 bits per sample (channel mask 0x3)
[2018.05.22-11.26.24:037][ 99]LogInit: FAudioDevice initialized.
[2018.05.22-11.26.24:095][ 99]LogLoad: Game class is '2DSideScrollerGameMode_C'
[2018.05.22-11.26.24:098][ 99]LogWorld: Bringing World /Game/2DSideScrollerBP/Maps/UEDPIE_0_2DSideScrollerExampleMap.2DSideScrollerExampleMap up for play (max tick rate 0) at 2018.05.22-12.26.24
[2018.05.22-11.26.24:098][ 99]LogWorld: Bringing up level for play took: 0.002090
[2018.05.22-11.26.24:108][ 99]PIE: Play in editor start time for /Game/2DSideScrollerBP/Maps/UEDPIE_0_2DSideScrollerExampleMap -0.649
[2018.05.22-11.26.24:109][ 99]LogBlueprintUserMessages: Late PlayInEditor Detection: Level '/Game/2DSideScrollerBP/Maps/2DSideScrollerExampleMap.2DSideScrollerExampleMap:PersistentLevel' has LevelScriptBlueprint '/Game/2DSideScrollerBP/Maps/2DSideScrollerExampleMap.2DSideScrollerExampleMap:PersistentLevel.2DSideScrollerExampleMap' with GeneratedClass '/Game/2DSideScrollerBP/Maps/2DSideScrollerExampleMap.2DSideScrollerExampleMap_C' with ClassGeneratedBy '/Game/2DSideScrollerBP/Maps/2DSideScrollerExampleMap.2DSideScrollerExampleMap:PersistentLevel.2DSideScrollerExampleMap'
[2018.05.22-11.26.24:160][ 99]LogRenderer: Reallocating scene render targets to support 1292x756 Format 10 NumSamples 1 (Frame:1).
[2018.05.22-11.26.29:652][374]LogBlueprintUserMessages: Early EndPlayMap Detection: Level '/Game/2DSideScrollerBP/Maps/2DSideScrollerExampleMap.2DSideScrollerExampleMap:PersistentLevel' has LevelScriptBlueprint '/Game/2DSideScrollerBP/Maps/2DSideScrollerExampleMap.2DSideScrollerExampleMap:PersistentLevel.2DSideScrollerExampleMap' with GeneratedClass '/Game/2DSideScrollerBP/Maps/2DSideScrollerExampleMap.2DSideScrollerExampleMap_C' with ClassGeneratedBy '/Game/2DSideScrollerBP/Maps/2DSideScrollerExampleMap.2DSideScrollerExampleMap:PersistentLevel.2DSideScrollerExampleMap'
[2018.05.22-11.26.29:703][374]LogBlueprintUserMessages: Late EndPlayMap Detection: Level '/Game/2DSideScrollerBP/Maps/2DSideScrollerExampleMap.2DSideScrollerExampleMap:PersistentLevel' has LevelScriptBlueprint '/Game/2DSideScrollerBP/Maps/2DSideScrollerExampleMap.2DSideScrollerExampleMap:PersistentLevel.2DSideScrollerExampleMap' with GeneratedClass '/Game/2DSideScrollerBP/Maps/2DSideScrollerExampleMap.2DSideScrollerExampleMap_C' with ClassGeneratedBy '/Game/2DSideScrollerBP/Maps/2DSideScrollerExampleMap.2DSideScrollerExampleMap:PersistentLevel.2DSideScrollerExampleMap'
[2018.05.22-11.26.54:241][829]Cmd: MODE GRID=0
[2018.05.22-11.26.57:806][ 39]BlueprintLog: New page: Compile newPlayer
[2018.05.22-11.26.58:749][ 77]LogTemp: Repeating last play command: New Editor Window (PIE)
[2018.05.22-11.26.58:767][ 77]LogBlueprintUserMessages: Early PlayInEditor Detection: Level '/Game/2DSideScrollerBP/Maps/2DSideScrollerExampleMap.2DSideScrollerExampleMap:PersistentLevel' has LevelScriptBlueprint '/Game/2DSideScrollerBP/Maps/2DSideScrollerExampleMap.2DSideScrollerExampleMap:PersistentLevel.2DSideScrollerExampleMap' with GeneratedClass '/Game/2DSideScrollerBP/Maps/2DSideScrollerExampleMap.2DSideScrollerExampleMap_C' with ClassGeneratedBy '/Game/2DSideScrollerBP/Maps/2DSideScrollerExampleMap.2DSideScrollerExampleMap:PersistentLevel.2DSideScrollerExampleMap'
[2018.05.22-11.26.58:768][ 77]LogPlayLevel: PlayLevel: No blueprints needed recompiling
[2018.05.22-11.26.58:768][ 77]PIE: New page: PIE session: 2DSideScrollerExampleMap (22 May 2018 13:26:58)
[2018.05.22-11.26.58:768][ 77]LogPlayLevel: Creating play world package: /Game/2DSideScrollerBP/Maps/UEDPIE_0_2DSideScrollerExampleMap
[2018.05.22-11.26.58:770][ 77]LogPlayLevel: PIE: StaticDuplicateObject took: (0.002599s)
[2018.05.22-11.26.58:772][ 77]LogAIModule: Creating AISystem for world 2DSideScrollerExampleMap
[2018.05.22-11.26.58:772][ 77]LogPlayLevel: PIE: World Init took: (0.001553s)
[2018.05.22-11.26.58:772][ 77]LogPlayLevel: PIE: Created PIE world by copying editor world from /Game/2DSideScrollerBP/Maps/2DSideScrollerExampleMap.2DSideScrollerExampleMap to /Game/2DSideScrollerBP/Maps/UEDPIE_0_2DSideScrollerExampleMap.2DSideScrollerExampleMap (0.004493s)
[2018.05.22-11.26.58:806][ 77]LogInit: XAudio2 using 'T24D390 (NVIDIA High Definition Audio)' : 2 channels at 48 kHz using 16 bits per sample (channel mask 0x3)
[2018.05.22-11.26.58:815][ 77]LogInit: FAudioDevice initialized.
[2018.05.22-11.26.58:871][ 77]LogLoad: Game class is '2DSideScrollerGameMode_C'
[2018.05.22-11.26.58:873][ 77]LogWorld: Bringing World /Game/2DSideScrollerBP/Maps/UEDPIE_0_2DSideScrollerExampleMap.2DSideScrollerExampleMap up for play (max tick rate 0) at 2018.05.22-12.26.58
[2018.05.22-11.26.58:874][ 77]LogWorld: Bringing up level for play took: 0.002151
[2018.05.22-11.26.58:883][ 77]PIE: Play in editor start time for /Game/2DSideScrollerBP/Maps/UEDPIE_0_2DSideScrollerExampleMap 0.125
[2018.05.22-11.26.58:884][ 77]LogBlueprintUserMessages: Late PlayInEditor Detection: Level '/Game/2DSideScrollerBP/Maps/2DSideScrollerExampleMap.2DSideScrollerExampleMap:PersistentLevel' has LevelScriptBlueprint '/Game/2DSideScrollerBP/Maps/2DSideScrollerExampleMap.2DSideScrollerExampleMap:PersistentLevel.2DSideScrollerExampleMap' with GeneratedClass '/Game/2DSideScrollerBP/Maps/2DSideScrollerExampleMap.2DSideScrollerExampleMap_C' with ClassGeneratedBy '/Game/2DSideScrollerBP/Maps/2DSideScrollerExampleMap.2DSideScrollerExampleMap:PersistentLevel.2DSideScrollerExampleMap'
[2018.05.22-11.27.07:206][518]LogBlueprintUserMessages: Early EndPlayMap Detection: Level '/Game/2DSideScrollerBP/Maps/2DSideScrollerExampleMap.2DSideScrollerExampleMap:PersistentLevel' has LevelScriptBlueprint '/Game/2DSideScrollerBP/Maps/2DSideScrollerExampleMap.2DSideScrollerExampleMap:PersistentLevel.2DSideScrollerExampleMap' with GeneratedClass '/Game/2DSideScrollerBP/Maps/2DSideScrollerExampleMap.2DSideScrollerExampleMap_C' with ClassGeneratedBy '/Game/2DSideScrollerBP/Maps/2DSideScrollerExampleMap.2DSideScrollerExampleMap:PersistentLevel.2DSideScrollerExampleMap'
[2018.05.22-11.27.07:259][518]LogBlueprintUserMessages: Late EndPlayMap Detection: Level '/Game/2DSideScrollerBP/Maps/2DSideScrollerExampleMap.2DSideScrollerExampleMap:PersistentLevel' has LevelScriptBlueprint '/Game/2DSideScrollerBP/Maps/2DSideScrollerExampleMap.2DSideScrollerExampleMap:PersistentLevel.2DSideScrollerExampleMap' with GeneratedClass '/Game/2DSideScrollerBP/Maps/2DSideScrollerExampleMap.2DSideScrollerExampleMap_C' with ClassGeneratedBy '/Game/2DSideScrollerBP/Maps/2DSideScrollerExampleMap.2DSideScrollerExampleMap:PersistentLevel.2DSideScrollerExampleMap'
[2018.05.22-11.27.32:902][ 60]BlueprintLog: New page: Compile newPlayer
[2018.05.22-11.27.35:034][209]LogTemp: Repeating last play command: New Editor Window (PIE)
[2018.05.22-11.27.35:052][209]LogBlueprintUserMessages: Early PlayInEditor Detection: Level '/Game/2DSideScrollerBP/Maps/2DSideScrollerExampleMap.2DSideScrollerExampleMap:PersistentLevel' has LevelScriptBlueprint '/Game/2DSideScrollerBP/Maps/2DSideScrollerExampleMap.2DSideScrollerExampleMap:PersistentLevel.2DSideScrollerExampleMap' with GeneratedClass '/Game/2DSideScrollerBP/Maps/2DSideScrollerExampleMap.2DSideScrollerExampleMap_C' with ClassGeneratedBy '/Game/2DSideScrollerBP/Maps/2DSideScrollerExampleMap.2DSideScrollerExampleMap:PersistentLevel.2DSideScrollerExampleMap'
[2018.05.22-11.27.35:052][209]LogPlayLevel: PlayLevel: No blueprints needed recompiling
[2018.05.22-11.27.35:052][209]PIE: New page: PIE session: 2DSideScrollerExampleMap (22 May 2018 13:27:35)
[2018.05.22-11.27.35:052][209]LogPlayLevel: Creating play world package: /Game/2DSideScrollerBP/Maps/UEDPIE_0_2DSideScrollerExampleMap
[2018.05.22-11.27.35:055][209]LogPlayLevel: PIE: StaticDuplicateObject took: (0.002697s)
[2018.05.22-11.27.35:055][209]LogAIModule: Creating AISystem for world 2DSideScrollerExampleMap
[2018.05.22-11.27.35:056][209]LogPlayLevel: PIE: World Init took: (0.000940s)
[2018.05.22-11.27.35:056][209]LogPlayLevel: PIE: Created PIE world by copying editor world from /Game/2DSideScrollerBP/Maps/2DSideScrollerExampleMap.2DSideScrollerExampleMap to /Game/2DSideScrollerBP/Maps/UEDPIE_0_2DSideScrollerExampleMap.2DSideScrollerExampleMap (0.003935s)
[2018.05.22-11.27.35:085][209]LogInit: XAudio2 using 'T24D390 (NVIDIA High Definition Audio)' : 2 channels at 48 kHz using 16 bits per sample (channel mask 0x3)
[2018.05.22-11.27.35:095][209]LogInit: FAudioDevice initialized.
[2018.05.22-11.27.35:151][209]LogLoad: Game class is '2DSideScrollerGameMode_C'
[2018.05.22-11.27.35:154][209]LogWorld: Bringing World /Game/2DSideScrollerBP/Maps/UEDPIE_0_2DSideScrollerExampleMap.2DSideScrollerExampleMap up for play (max tick rate 0) at 2018.05.22-12.27.35
[2018.05.22-11.27.35:154][209]LogWorld: Bringing up level for play took: 0.002187
[2018.05.22-11.27.35:164][209]PIE: Play in editor start time for /Game/2DSideScrollerBP/Maps/UEDPIE_0_2DSideScrollerExampleMap 0.407
[2018.05.22-11.27.35:165][209]LogBlueprintUserMessages: Late PlayInEditor Detection: Level '/Game/2DSideScrollerBP/Maps/2DSideScrollerExampleMap.2DSideScrollerExampleMap:PersistentLevel' has LevelScriptBlueprint '/Game/2DSideScrollerBP/Maps/2DSideScrollerExampleMap.2DSideScrollerExampleMap:PersistentLevel.2DSideScrollerExampleMap' with GeneratedClass '/Game/2DSideScrollerBP/Maps/2DSideScrollerExampleMap.2DSideScrollerExampleMap_C' with ClassGeneratedBy '/Game/2DSideScrollerBP/Maps/2DSideScrollerExampleMap.2DSideScrollerExampleMap:PersistentLevel.2DSideScrollerExampleMap'
[2018.05.22-11.27.46:763][145]LogBlueprintUserMessages: Early EndPlayMap Detection: Level '/Game/2DSideScrollerBP/Maps/2DSideScrollerExampleMap.2DSideScrollerExampleMap:PersistentLevel' has LevelScriptBlueprint '/Game/2DSideScrollerBP/Maps/2DSideScrollerExampleMap.2DSideScrollerExampleMap:PersistentLevel.2DSideScrollerExampleMap' with GeneratedClass '/Game/2DSideScrollerBP/Maps/2DSideScrollerExampleMap.2DSideScrollerExampleMap_C' with ClassGeneratedBy '/Game/2DSideScrollerBP/Maps/2DSideScrollerExampleMap.2DSideScrollerExampleMap:PersistentLevel.2DSideScrollerExampleMap'
[2018.05.22-11.27.46:819][145]LogBlueprintUserMessages: Late EndPlayMap Detection: Level '/Game/2DSideScrollerBP/Maps/2DSideScrollerExampleMap.2DSideScrollerExampleMap:PersistentLevel' has LevelScriptBlueprint '/Game/2DSideScrollerBP/Maps/2DSideScrollerExampleMap.2DSideScrollerExampleMap:PersistentLevel.2DSideScrollerExampleMap' with GeneratedClass '/Game/2DSideScrollerBP/Maps/2DSideScrollerExampleMap.2DSideScrollerExampleMap_C' with ClassGeneratedBy '/Game/2DSideScrollerBP/Maps/2DSideScrollerExampleMap.2DSideScrollerExampleMap:PersistentLevel.2DSideScrollerExampleMap'
[2018.05.22-11.27.54:654][481]LogActorComponent: UnregisterComponent: (/Engine/Transient.EditorFloorComp) Not registered. Aborting.
[2018.05.22-11.27.58:285][725]LogTemp: Repeating last play command: New Editor Window (PIE)
[2018.05.22-11.27.58:301][725]LogBlueprintUserMessages: Early PlayInEditor Detection: Level '/Game/2DSideScrollerBP/Maps/2DSideScrollerExampleMap.2DSideScrollerExampleMap:PersistentLevel' has LevelScriptBlueprint '/Game/2DSideScrollerBP/Maps/2DSideScrollerExampleMap.2DSideScrollerExampleMap:PersistentLevel.2DSideScrollerExampleMap' with GeneratedClass '/Game/2DSideScrollerBP/Maps/2DSideScrollerExampleMap.2DSideScrollerExampleMap_C' with ClassGeneratedBy '/Game/2DSideScrollerBP/Maps/2DSideScrollerExampleMap.2DSideScrollerExampleMap:PersistentLevel.2DSideScrollerExampleMap'
[2018.05.22-11.27.58:301][725]LogPlayLevel: PlayLevel: No blueprints needed recompiling
[2018.05.22-11.27.58:302][725]PIE: New page: PIE session: 2DSideScrollerExampleMap (22 May 2018 13:27:58)
[2018.05.22-11.27.58:302][725]LogPlayLevel: Creating play world package: /Game/2DSideScrollerBP/Maps/UEDPIE_0_2DSideScrollerExampleMap
[2018.05.22-11.27.58:305][725]LogPlayLevel: PIE: StaticDuplicateObject took: (0.002613s)
[2018.05.22-11.27.58:305][725]LogAIModule: Creating AISystem for world 2DSideScrollerExampleMap
[2018.05.22-11.27.58:305][725]LogPlayLevel: PIE: World Init took: (0.000801s)
[2018.05.22-11.27.58:306][725]LogPlayLevel: PIE: Created PIE world by copying editor world from /Game/2DSideScrollerBP/Maps/2DSideScrollerExampleMap.2DSideScrollerExampleMap to /Game/2DSideScrollerBP/Maps/UEDPIE_0_2DSideScrollerExampleMap.2DSideScrollerExampleMap (0.003729s)
[2018.05.22-11.27.58:331][725]LogInit: XAudio2 using 'T24D390 (NVIDIA High Definition Audio)' : 2 channels at 48 kHz using 16 bits per sample (channel mask 0x3)
[2018.05.22-11.27.58:341][725]LogInit: FAudioDevice initialized.
[2018.05.22-11.27.58:394][725]LogLoad: Game class is '2DSideScrollerGameMode_C'
[2018.05.22-11.27.58:396][725]LogWorld: Bringing World /Game/2DSideScrollerBP/Maps/UEDPIE_0_2DSideScrollerExampleMap.2DSideScrollerExampleMap up for play (max tick rate 0) at 2018.05.22-12.27.58
[2018.05.22-11.27.58:397][725]LogWorld: Bringing up level for play took: 0.001941
[2018.05.22-11.27.58:404][725]PIE: Play in editor start time for /Game/2DSideScrollerBP/Maps/UEDPIE_0_2DSideScrollerExampleMap -0.353
[2018.05.22-11.27.58:404][725]LogBlueprintUserMessages: Late PlayInEditor Detection: Level '/Game/2DSideScrollerBP/Maps/2DSideScrollerExampleMap.2DSideScrollerExampleMap:PersistentLevel' has LevelScriptBlueprint '/Game/2DSideScrollerBP/Maps/2DSideScrollerExampleMap.2DSideScrollerExampleMap:PersistentLevel.2DSideScrollerExampleMap' with GeneratedClass '/Game/2DSideScrollerBP/Maps/2DSideScrollerExampleMap.2DSideScrollerExampleMap_C' with ClassGeneratedBy '/Game/2DSideScrollerBP/Maps/2DSideScrollerExampleMap.2DSideScrollerExampleMap:PersistentLevel.2DSideScrollerExampleMap'
[2018.05.22-11.28.05:954][367]LogBlueprintUserMessages: Early EndPlayMap Detection: Level '/Game/2DSideScrollerBP/Maps/2DSideScrollerExampleMap.2DSideScrollerExampleMap:PersistentLevel' has LevelScriptBlueprint '/Game/2DSideScrollerBP/Maps/2DSideScrollerExampleMap.2DSideScrollerExampleMap:PersistentLevel.2DSideScrollerExampleMap' with GeneratedClass '/Game/2DSideScrollerBP/Maps/2DSideScrollerExampleMap.2DSideScrollerExampleMap_C' with ClassGeneratedBy '/Game/2DSideScrollerBP/Maps/2DSideScrollerExampleMap.2DSideScrollerExampleMap:PersistentLevel.2DSideScrollerExampleMap'
[2018.05.22-11.28.06:010][367]LogBlueprintUserMessages: Late EndPlayMap Detection: Level '/Game/2DSideScrollerBP/Maps/2DSideScrollerExampleMap.2DSideScrollerExampleMap:PersistentLevel' has LevelScriptBlueprint '/Game/2DSideScrollerBP/Maps/2DSideScrollerExampleMap.2DSideScrollerExampleMap:PersistentLevel.2DSideScrollerExampleMap' with GeneratedClass '/Game/2DSideScrollerBP/Maps/2DSideScrollerExampleMap.2DSideScrollerExampleMap_C' with ClassGeneratedBy '/Game/2DSideScrollerBP/Maps/2DSideScrollerExampleMap.2DSideScrollerExampleMap:PersistentLevel.2DSideScrollerExampleMap'
[2018.05.22-11.30.54:613][520]LogSavePackage: Save=60.89ms
[2018.05.22-11.30.54:613][520]LogSavePackage: Moving '../../../../../../Users/Charlie.CHARLIE-SAN/Documents/GitHub/sadhatgame/sadhatproj/Saved/2DSideScrollerExampleMap_Auto26025DA854AFEF9861AA3A7B1EBE17AD1.tmp' to '../../../../../../Users/Charlie.CHARLIE-SAN/Documents/GitHub/sadhatgame/sadhatproj/Saved/Autosaves/Game/2DSideScrollerBP/Maps/2DSideScrollerExampleMap_Auto2.umap'
[2018.05.22-11.30.54:615][520]LogSavePackage: Display: Finished SavePackage ../../../../../../Users/Charlie.CHARLIE-SAN/Documents/GitHub/sadhatgame/sadhatproj/Saved/Autosaves/Game/2DSideScrollerBP/Maps/2DSideScrollerExampleMap_Auto2.umap
[2018.05.22-11.30.54:618][520]LogFileHelpers: Editor autosave (incl. sublevels) for '/Game/2DSideScrollerBP/Maps/2DSideScrollerExampleMap' took 0.099
[2018.05.22-11.30.54:618][520]LogFileHelpers: Editor autosave (incl. sublevels) for all levels took 0.099
[2018.05.22-11.30.54:623][520]OBJ SavePackage: Generating thumbnails for [0] asset(s) in package [/Game/2DSideScrollerBP/Blueprints/newPlayer] ([1] browsable assets)...
[2018.05.22-11.30.54:623][520]OBJ SavePackage: Finished generating thumbnails for package [/Game/2DSideScrollerBP/Blueprints/newPlayer]
[2018.05.22-11.30.54:693][520]LogSavePackage: Save=65.26ms
[2018.05.22-11.30.54:693][520]LogSavePackage: Moving '../../../../../../Users/Charlie.CHARLIE-SAN/Documents/GitHub/sadhatgame/sadhatproj/Saved/newPlayer_Auto2302DB8674048274655427CAC08D0B94F.tmp' to '../../../../../../Users/Charlie.CHARLIE-SAN/Documents/GitHub/sadhatgame/sadhatproj/Saved/Autosaves/Game/2DSideScrollerBP/Blueprints/newPlayer_Auto2.uasset'
[2018.05.22-11.30.54:695][520]LogSavePackage: Display: Finished SavePackage ../../../../../../Users/Charlie.CHARLIE-SAN/Documents/GitHub/sadhatgame/sadhatproj/Saved/Autosaves/Game/2DSideScrollerBP/Blueprints/newPlayer_Auto2.uasset
[2018.05.22-11.30.54:695][520]LogFileHelpers: Auto-saving content packages took 0.075
